
2024/01/12 (12:26:30) | ===> btop++ v.1.3.0
2024/01/12 (12:26:30) | WARNING: NVML: Failed to get maximum GPU power draw, defaulting to 225W: Not Supported

2024/01/14 (17:51:54) | ===> btop++ v.1.3.0
2024/01/14 (17:51:54) | WARNING: NVML: Failed to get maximum GPU power draw, defaulting to 225W: Not Supported

2024/01/18 (11:31:30) | ===> btop++ v.1.3.0
2024/01/18 (11:31:30) | WARNING: NVML: Failed to get maximum GPU power draw, defaulting to 225W: Not Supported

2024/01/23 (21:14:53) | ===> btop++ v.1.3.0
2024/01/23 (21:14:53) | WARNING: NVML: Failed to get maximum GPU power draw, defaulting to 225W: Not Supported

2024/01/25 (10:12:13) | ===> btop++ v.1.3.0
2024/01/25 (10:12:13) | WARNING: NVML: Failed to get maximum GPU power draw, defaulting to 225W: Not Supported

2024/01/28 (11:00:40) | ===> btop++ v.1.3.0
2024/01/28 (11:00:40) | WARNING: NVML: Failed to get maximum GPU power draw, defaulting to 225W: Not Supported

2024/01/28 (11:06:10) | ===> btop++ v.1.3.0
2024/01/28 (11:06:10) | WARNING: NVML: Failed to get maximum GPU power draw, defaulting to 225W: Not Supported

2024/01/28 (16:35:46) | ===> btop++ v.1.3.0
2024/01/28 (16:35:46) | WARNING: NVML: Failed to get maximum GPU power draw, defaulting to 225W: Not Supported

2024/01/28 (16:38:43) | ===> btop++ v.1.3.0
2024/01/28 (16:38:43) | WARNING: NVML: Failed to get maximum GPU power draw, defaulting to 225W: Not Supported

2024/01/28 (16:38:50) | ===> btop++ v.1.3.0
2024/01/28 (16:38:50) | WARNING: NVML: Failed to get maximum GPU power draw, defaulting to 225W: Not Supported

2024/01/28 (16:40:19) | ===> btop++ v.1.3.0
2024/01/28 (16:40:19) | WARNING: NVML: Failed to get maximum GPU power draw, defaulting to 225W: Not Supported

2024/02/04 (10:52:27) | ===> btop++ v.1.3.0
2024/02/04 (10:52:27) | WARNING: NVML: Failed to get maximum GPU power draw, defaulting to 225W: Not Supported

2024/02/06 (07:47:21) | ===> btop++ v.1.3.0
2024/02/06 (07:47:21) | WARNING: NVML: Failed to get maximum GPU power draw, defaulting to 225W: Not Supported

2024/02/06 (17:37:32) | ===> btop++ v.1.3.0
2024/02/06 (17:37:32) | WARNING: NVML: Failed to get maximum GPU power draw, defaulting to 225W: Not Supported

2024/02/17 (18:03:16) | ===> btop++ v.1.3.2
2024/02/17 (18:03:16) | WARNING: NVML: Failed to get maximum GPU power draw, defaulting to 225W: Not Supported

2024/03/02 (11:50:13) | ===> btop++ v.1.3.2
2024/03/02 (11:50:13) | WARNING: NVML: Failed to get maximum GPU power draw, defaulting to 225W: Not Supported

2024/03/03 (12:36:38) | ===> btop++ v.1.3.2
2024/03/03 (12:36:38) | WARNING: NVML: Failed to get maximum GPU power draw, defaulting to 225W: Not Supported
2024/03/03 (12:36:38) | WARNING: NVML: Failed to get GPU power usage: No data

2024/03/05 (16:31:25) | ===> btop++ v.1.3.2
2024/03/05 (16:31:25) | WARNING: NVML: Failed to get maximum GPU power draw, defaulting to 225W: Not Supported
2024/03/05 (16:31:25) | WARNING: NVML: Failed to get GPU power usage: No data

2024/03/09 (00:05:45) | ===> btop++ v.1.3.2
2024/03/09 (00:05:45) | WARNING: NVML: Failed to get maximum GPU power draw, defaulting to 225W: Not Supported
2024/03/09 (00:05:45) | WARNING: NVML: Failed to get GPU power usage: No data

2024/03/10 (23:06:07) | ===> btop++ v.1.3.2
2024/03/10 (23:06:07) | WARNING: NVML: Failed to get maximum GPU power draw, defaulting to 225W: Not Supported
2024/03/10 (23:06:07) | WARNING: NVML: Failed to get GPU power usage: No data

2024/03/18 (19:52:22) | ===> btop++ v.1.3.2
2024/03/18 (19:52:22) | WARNING: NVML: Failed to get maximum GPU power draw, defaulting to 225W: Not Supported
2024/03/18 (19:52:22) | WARNING: NVML: Failed to get GPU power usage: No data

2024/03/18 (20:14:16) | ===> btop++ v.1.3.2
2024/03/18 (20:14:16) | WARNING: NVML: Failed to get maximum GPU power draw, defaulting to 225W: Not Supported
2024/03/18 (20:14:16) | WARNING: NVML: Failed to get GPU power usage: No data

2024/03/18 (22:40:25) | ===> btop++ v.1.3.2
2024/03/18 (22:40:25) | WARNING: NVML: Failed to get maximum GPU power draw, defaulting to 225W: Not Supported
2024/03/18 (22:40:25) | WARNING: NVML: Failed to get GPU power usage: No data

2024/03/19 (12:41:19) | ===> btop++ v.1.3.2
2024/03/19 (12:41:19) | WARNING: NVML: Failed to get maximum GPU power draw, defaulting to 225W: Not Supported
2024/03/19 (12:41:19) | WARNING: NVML: Failed to get GPU power usage: No data

2024/03/20 (19:22:36) | ===> btop++ v.1.3.2
2024/03/20 (19:22:36) | WARNING: NVML: Failed to get maximum GPU power draw, defaulting to 225W: Not Supported

2024/03/22 (20:34:32) | ===> btop++ v.1.3.2
2024/03/22 (20:34:32) | WARNING: NVML: Failed to get maximum GPU power draw, defaulting to 225W: Not Supported
2024/03/22 (20:34:32) | WARNING: NVML: Failed to get GPU power usage: No data

2024/03/23 (20:57:28) | ===> btop++ v.1.3.2
2024/03/23 (20:57:28) | WARNING: NVML: Failed to get maximum GPU power draw, defaulting to 225W: Not Supported

2024/03/27 (13:40:14) | ===> btop++ v.1.3.2
2024/03/27 (13:40:14) | WARNING: NVML: Failed to get maximum GPU power draw, defaulting to 225W: Not Supported

2024/03/27 (14:05:25) | ===> btop++ v.1.3.2
2024/03/27 (14:05:25) | WARNING: NVML: Failed to get maximum GPU power draw, defaulting to 225W: Not Supported

2024/03/27 (18:44:36) | ===> btop++ v.1.3.2
2024/03/27 (18:44:36) | WARNING: NVML: Failed to get maximum GPU power draw, defaulting to 225W: Not Supported

2024/03/28 (22:32:52) | ===> btop++ v.1.3.2
2024/03/28 (22:32:52) | WARNING: NVML: Failed to get maximum GPU power draw, defaulting to 225W: Not Supported

2024/03/28 (22:42:53) | ===> btop++ v.1.3.2
2024/03/28 (22:42:53) | WARNING: NVML: Failed to get maximum GPU power draw, defaulting to 225W: Not Supported

2024/03/29 (09:29:19) | ===> btop++ v.1.3.2
2024/03/29 (09:29:19) | WARNING: NVML: Failed to get maximum GPU power draw, defaulting to 225W: Not Supported

2024/03/29 (09:29:36) | ===> btop++ v.1.3.2
2024/03/29 (09:29:36) | WARNING: NVML: Failed to get maximum GPU power draw, defaulting to 225W: Not Supported

2024/03/30 (11:15:51) | ===> btop++ v.1.3.2
2024/03/30 (11:15:51) | WARNING: NVML: Failed to get maximum GPU power draw, defaulting to 225W: Not Supported

2024/04/02 (21:39:14) | ===> btop++ v.1.3.2
2024/04/02 (21:39:14) | WARNING: NVML: Failed to get maximum GPU power draw, defaulting to 225W: Not Supported

2024/04/03 (11:28:11) | ===> btop++ v.1.3.2
2024/04/03 (11:28:11) | WARNING: NVML: Failed to get maximum GPU power draw, defaulting to 225W: Not Supported

2024/04/03 (18:57:11) | ===> btop++ v.1.3.2
2024/04/03 (18:57:11) | WARNING: NVML: Failed to get maximum GPU power draw, defaulting to 225W: Not Supported

2024/04/06 (00:16:02) | ===> btop++ v.1.3.2
2024/04/06 (00:16:02) | WARNING: NVML: Failed to get maximum GPU power draw, defaulting to 225W: Not Supported
2024/04/06 (00:16:08) | ERROR: Stall in Runner thread, restarting!
2024/04/06 (00:16:14) | ERROR: Stall in Runner thread, restarting!
2024/04/06 (00:16:20) | ERROR: Stall in Runner thread, restarting!
2024/04/06 (00:16:26) | ERROR: Stall in Runner thread, restarting!
2024/04/06 (00:16:32) | ERROR: Stall in Runner thread, restarting!

2024/04/06 (00:16:40) | ===> btop++ v.1.3.2
2024/04/06 (00:16:40) | WARNING: NVML: Failed to get maximum GPU power draw, defaulting to 225W: Not Supported

2024/04/09 (17:46:06) | ===> btop++ v.1.3.2
2024/04/09 (17:46:06) | WARNING: NVML: Failed to get maximum GPU power draw, defaulting to 225W: Not Supported

2024/04/10 (17:28:04) | ===> btop++ v.1.3.2
2024/04/10 (17:28:04) | WARNING: NVML: Failed to get maximum GPU power draw, defaulting to 225W: Not Supported

2024/04/11 (00:30:50) | ===> btop++ v.1.3.2
2024/04/11 (00:30:50) | WARNING: NVML: Failed to get maximum GPU power draw, defaulting to 225W: Not Supported

2024/04/11 (14:28:57) | ===> btop++ v.1.3.2
2024/04/11 (14:28:57) | WARNING: NVML: Failed to get maximum GPU power draw, defaulting to 225W: Not Supported

2024/04/14 (11:55:47) | ===> btop++ v.1.3.2
2024/04/14 (11:55:47) | WARNING: NVML: Failed to get maximum GPU power draw, defaulting to 225W: Not Supported

2024/04/14 (12:02:01) | ===> btop++ v.1.3.2
2024/04/14 (12:02:01) | WARNING: NVML: Failed to get maximum GPU power draw, defaulting to 225W: Not Supported

2024/04/14 (21:39:19) | ===> btop++ v.1.3.2
2024/04/14 (21:39:19) | WARNING: NVML: Failed to get maximum GPU power draw, defaulting to 225W: Not Supported

2024/04/16 (10:05:26) | ===> btop++ v.1.3.2
2024/04/16 (10:05:26) | WARNING: NVML: Failed to get maximum GPU power draw, defaulting to 225W: Not Supported

2024/04/16 (10:05:39) | ===> btop++ v.1.3.2
2024/04/16 (10:05:39) | WARNING: NVML: Failed to get maximum GPU power draw, defaulting to 225W: Not Supported

2024/04/19 (11:48:48) | ===> btop++ v.1.3.2
2024/04/19 (11:48:48) | WARNING: NVML: Failed to get maximum GPU power draw, defaulting to 225W: Not Supported

2024/04/19 (18:35:44) | ===> btop++ v.1.3.2
2024/04/19 (18:35:44) | WARNING: NVML: Failed to get maximum GPU power draw, defaulting to 225W: Not Supported

2024/04/21 (17:57:27) | ===> btop++ v.1.3.2
2024/04/21 (17:57:27) | WARNING: NVML: Failed to get maximum GPU power draw, defaulting to 225W: Not Supported

2024/04/26 (20:38:10) | ===> btop++ v.1.3.2
2024/04/26 (20:38:10) | WARNING: NVML: Failed to get maximum GPU power draw, defaulting to 225W: Not Supported

2024/05/12 (12:47:31) | ===> btop++ v.1.3.2
2024/05/12 (12:47:31) | WARNING: NVML: Failed to get maximum GPU power draw, defaulting to 225W: Not Supported

2024/05/13 (16:10:49) | ===> btop++ v.1.3.2
2024/05/13 (16:10:49) | WARNING: NVML: Failed to get maximum GPU power draw, defaulting to 225W: Not Supported

2024/05/13 (22:50:49) | ===> btop++ v.1.3.2
2024/05/13 (22:50:49) | WARNING: NVML: Failed to get maximum GPU power draw, defaulting to 225W: Not Supported

2024/05/13 (22:58:55) | ===> btop++ v.1.3.2
2024/05/13 (22:58:55) | WARNING: NVML: Failed to get maximum GPU power draw, defaulting to 225W: Not Supported

2024/05/13 (23:26:53) | ===> btop++ v.1.3.2
2024/05/13 (23:26:53) | WARNING: NVML: Failed to get maximum GPU power draw, defaulting to 225W: Not Supported

2024/05/17 (10:06:07) | ===> btop++ v.1.3.2
2024/05/17 (10:06:07) | WARNING: NVML: Failed to get maximum GPU power draw, defaulting to 225W: Not Supported

2024/05/21 (18:30:19) | ===> btop++ v.1.3.2
2024/05/21 (18:30:19) | WARNING: NVML: Failed to get maximum GPU power draw, defaulting to 225W: Not Supported

2024/05/21 (18:51:57) | ===> btop++ v.1.3.2
2024/05/21 (18:51:57) | WARNING: NVML: Failed to get maximum GPU power draw, defaulting to 225W: Not Supported

2024/05/23 (13:50:53) | ===> btop++ v.1.3.2
2024/05/23 (13:50:53) | WARNING: NVML: Failed to get maximum GPU power draw, defaulting to 225W: Not Supported

2024/05/24 (00:31:53) | ===> btop++ v.1.3.2
2024/05/24 (00:31:53) | WARNING: NVML: Failed to get maximum GPU power draw, defaulting to 225W: Not Supported

2024/05/24 (21:58:21) | ===> btop++ v.1.3.2
2024/05/24 (21:58:21) | WARNING: NVML: Failed to get maximum GPU power draw, defaulting to 225W: Not Supported

2024/05/24 (22:33:25) | ===> btop++ v.1.3.2
2024/05/24 (22:33:25) | WARNING: NVML: Failed to get maximum GPU power draw, defaulting to 225W: Not Supported

2024/05/31 (22:00:33) | ===> btop++ v.1.3.2
2024/05/31 (22:00:33) | WARNING: NVML: Failed to get maximum GPU power draw, defaulting to 225W: Not Supported

2024/05/31 (22:20:11) | ===> btop++ v.1.3.2
2024/05/31 (22:20:11) | WARNING: NVML: Failed to get maximum GPU power draw, defaulting to 225W: Not Supported

2024/06/07 (05:44:57) | ===> btop++ v.1.3.2
2024/06/07 (05:44:57) | WARNING: NVML: Failed to get maximum GPU power draw, defaulting to 225W: Not Supported

2024/06/10 (15:00:35) | ===> btop++ v.1.3.2
2024/06/10 (15:00:35) | WARNING: NVML: Failed to get maximum GPU power draw, defaulting to 225W: Not Supported

2024/06/11 (10:10:47) | ===> btop++ v.1.3.2
2024/06/11 (10:10:47) | WARNING: NVML: Failed to get maximum GPU power draw, defaulting to 225W: Not Supported

2024/06/11 (16:27:52) | ===> btop++ v.1.3.2
2024/06/11 (16:27:52) | WARNING: NVML: Failed to get maximum GPU power draw, defaulting to 225W: Not Supported

2024/06/14 (17:44:38) | ===> btop++ v.1.3.2
2024/06/14 (17:44:38) | WARNING: NVML: Failed to get maximum GPU power draw, defaulting to 225W: Not Supported

2024/06/16 (12:48:33) | ===> btop++ v.1.3.2
2024/06/16 (12:48:33) | WARNING: NVML: Failed to get maximum GPU power draw, defaulting to 225W: Not Supported

2024/06/18 (21:38:39) | ===> btop++ v.1.3.2
2024/06/18 (21:38:39) | WARNING: NVML: Failed to get maximum GPU power draw, defaulting to 225W: Not Supported

2024/06/22 (16:44:32) | ===> btop++ v.1.3.2
2024/06/22 (16:44:32) | WARNING: NVML: Failed to get maximum GPU power draw, defaulting to 225W: Not Supported

2024/06/23 (21:49:31) | ===> btop++ v.1.3.2
2024/06/23 (21:49:31) | WARNING: NVML: Failed to get maximum GPU power draw, defaulting to 225W: Not Supported

2024/06/24 (19:41:42) | ===> btop++ v.1.3.2
2024/06/24 (19:41:42) | WARNING: NVML: Failed to get maximum GPU power draw, defaulting to 225W: Not Supported

2024/06/24 (20:17:40) | ===> btop++ v.1.3.2
2024/06/24 (20:17:40) | WARNING: NVML: Failed to get maximum GPU power draw, defaulting to 225W: Not Supported

2024/06/24 (23:46:17) | ===> btop++ v.1.3.2
2024/06/24 (23:46:17) | WARNING: NVML: Failed to get maximum GPU power draw, defaulting to 225W: Not Supported

2024/06/30 (10:46:25) | ===> btop++ v.1.3.2
2024/06/30 (10:46:25) | WARNING: NVML: Failed to get maximum GPU power draw, defaulting to 225W: Not Supported

2024/07/01 (23:44:50) | ===> btop++ v.1.3.2
2024/07/01 (23:44:50) | WARNING: NVML: Failed to get maximum GPU power draw, defaulting to 225W: Not Supported

2024/07/01 (23:50:03) | ===> btop++ v.1.3.2
2024/07/01 (23:50:03) | WARNING: NVML: Failed to get maximum GPU power draw, defaulting to 225W: Not Supported

2024/07/12 (17:56:53) | ===> btop++ v.1.3.2
2024/07/12 (17:56:53) | WARNING: NVML: Failed to get maximum GPU power draw, defaulting to 225W: Not Supported

2024/07/16 (21:02:31) | ===> btop++ v.1.3.2
2024/07/16 (21:02:31) | WARNING: NVML: Failed to get maximum GPU power draw, defaulting to 225W: Not Supported

2024/07/16 (21:04:34) | ===> btop++ v.1.3.2
2024/07/16 (21:04:34) | WARNING: NVML: Failed to get maximum GPU power draw, defaulting to 225W: Not Supported

2024/07/25 (02:27:48) | ===> btop++ v.1.3.2
2024/07/25 (02:27:48) | WARNING: NVML: Failed to get maximum GPU power draw, defaulting to 225W: Not Supported

2024/07/24 (17:41:11) | ===> btop++ v.1.3.2
2024/07/24 (17:41:11) | WARNING: NVML: Failed to get maximum GPU power draw, defaulting to 225W: Not Supported

2024/07/25 (15:57:40) | ===> btop++ v.1.3.2
2024/07/25 (15:57:40) | WARNING: NVML: Failed to get maximum GPU power draw, defaulting to 225W: Not Supported

2024/07/26 (08:31:15) | ===> btop++ v.1.3.2
2024/07/26 (08:31:15) | WARNING: NVML: Failed to get maximum GPU power draw, defaulting to 225W: Not Supported

2024/07/26 (10:10:25) | ===> btop++ v.1.3.2
2024/07/26 (10:10:25) | WARNING: NVML: Failed to get maximum GPU power draw, defaulting to 225W: Not Supported

2024/08/07 (00:20:35) | ===> btop++ v.1.3.2
2024/08/07 (00:20:35) | WARNING: NVML: Failed to get maximum GPU power draw, defaulting to 225W: Not Supported

2024/08/14 (12:13:01) | ===> btop++ v.1.3.2
2024/08/14 (12:13:01) | WARNING: NVML: Failed to get maximum GPU power draw, defaulting to 225W: Not Supported

2024/08/14 (15:19:11) | ===> btop++ v.1.3.2
2024/08/14 (15:19:11) | WARNING: NVML: Failed to get maximum GPU power draw, defaulting to 225W: Not Supported

2024/08/15 (14:19:31) | ===> btop++ v.1.3.2
2024/08/15 (14:19:31) | WARNING: NVML: Failed to get maximum GPU power draw, defaulting to 225W: Not Supported

2024/08/16 (08:49:10) | ===> btop++ v.1.3.2
2024/08/16 (08:49:10) | WARNING: NVML: Failed to get maximum GPU power draw, defaulting to 225W: Not Supported

2024/08/16 (12:05:25) | ===> btop++ v.1.3.2
2024/08/16 (12:05:25) | WARNING: NVML: Failed to get maximum GPU power draw, defaulting to 225W: Not Supported

2024/08/16 (12:09:48) | ===> btop++ v.1.3.2
2024/08/16 (12:09:48) | WARNING: NVML: Failed to get maximum GPU power draw, defaulting to 225W: Not Supported

2024/08/16 (12:12:36) | ===> btop++ v.1.3.2
2024/08/16 (12:12:36) | WARNING: NVML: Failed to get maximum GPU power draw, defaulting to 225W: Not Supported

2024/08/16 (20:51:53) | ===> btop++ v.1.3.2
2024/08/16 (20:51:53) | WARNING: NVML: Failed to get maximum GPU power draw, defaulting to 225W: Not Supported

2024/08/18 (13:47:30) | ===> btop++ v.1.3.2
2024/08/18 (13:47:30) | WARNING: NVML: Failed to get maximum GPU power draw, defaulting to 225W: Not Supported

2024/08/19 (14:24:35) | ===> btop++ v.1.3.2
2024/08/19 (14:24:35) | WARNING: NVML: Failed to get maximum GPU power draw, defaulting to 225W: Not Supported

2024/08/19 (17:12:17) | ===> btop++ v.1.3.2
2024/08/19 (17:12:17) | WARNING: NVML: Failed to get maximum GPU power draw, defaulting to 225W: Not Supported

2024/08/19 (17:29:46) | ===> btop++ v.1.3.2
2024/08/19 (17:29:46) | WARNING: NVML: Failed to get maximum GPU power draw, defaulting to 225W: Not Supported

2024/08/23 (14:04:35) | ===> btop++ v.1.3.2
2024/08/23 (14:04:35) | WARNING: NVML: Failed to get maximum GPU power draw, defaulting to 225W: Not Supported

2024/08/23 (14:49:48) | ===> btop++ v.1.3.2
2024/08/23 (14:49:48) | WARNING: NVML: Failed to get maximum GPU power draw, defaulting to 225W: Not Supported

2024/08/23 (16:04:13) | ===> btop++ v.1.3.2
2024/08/23 (16:04:13) | WARNING: NVML: Failed to get maximum GPU power draw, defaulting to 225W: Not Supported

2024/08/25 (18:06:32) | ===> btop++ v.1.3.2
2024/08/25 (18:06:32) | WARNING: NVML: Failed to get maximum GPU power draw, defaulting to 225W: Not Supported

2024/08/27 (22:31:41) | ===> btop++ v.1.3.2
2024/08/27 (22:31:41) | WARNING: NVML: Failed to get maximum GPU power draw, defaulting to 225W: Not Supported

2024/08/28 (22:49:09) | ===> btop++ v.1.3.2
2024/08/28 (22:49:09) | WARNING: NVML: Failed to get maximum GPU power draw, defaulting to 225W: Not Supported

2024/09/01 (18:54:31) | ===> btop++ v.1.3.2
2024/09/01 (18:54:31) | WARNING: NVML: Failed to get maximum GPU power draw, defaulting to 225W: Not Supported

2024/09/15 (11:28:49) | ===> btop++ v.1.3.2
2024/09/15 (11:28:49) | WARNING: NVML: Failed to get maximum GPU power draw, defaulting to 225W: Not Supported

2024/09/16 (13:32:39) | ===> btop++ v.1.3.2
2024/09/16 (13:32:39) | WARNING: NVML: Failed to get maximum GPU power draw, defaulting to 225W: Not Supported

2024/09/26 (11:24:50) | ===> btop++ v.1.4.0
2024/09/26 (11:24:50) | WARNING: NVML: Failed to get maximum GPU power draw, defaulting to 225W: Not Supported
2024/09/26 (11:24:50) | WARNING: Intel GPU: Failed to initialize PMU

2024/10/14 (09:48:44) | ===> btop++ v.1.4.0
2024/10/14 (09:48:44) | WARNING: NVML: Failed to get maximum GPU power draw, defaulting to 225W: Not Supported
2024/10/14 (09:48:44) | WARNING: Intel GPU: Failed to initialize PMU

2024/10/14 (09:57:07) | ===> btop++ v.1.4.0
2024/10/14 (09:57:07) | WARNING: NVML: Failed to get maximum GPU power draw, defaulting to 225W: Not Supported
2024/10/14 (09:57:07) | WARNING: Intel GPU: Failed to initialize PMU

2024/10/15 (08:51:22) | ===> btop++ v.1.4.0
2024/10/15 (08:51:22) | WARNING: NVML: Failed to get maximum GPU power draw, defaulting to 225W: Not Supported
2024/10/15 (08:51:22) | WARNING: Intel GPU: Failed to initialize PMU

2024/10/16 (16:37:38) | ===> btop++ v.1.4.0
2024/10/16 (16:37:38) | WARNING: NVML: Failed to get maximum GPU power draw, defaulting to 225W: Not Supported
2024/10/16 (16:37:38) | WARNING: Intel GPU: Failed to initialize PMU

2024/10/16 (16:38:55) | ===> btop++ v.1.4.0
2024/10/16 (16:38:55) | WARNING: NVML: Failed to get maximum GPU power draw, defaulting to 225W: Not Supported
2024/10/16 (16:38:55) | WARNING: Intel GPU: Failed to initialize PMU

2024/10/16 (16:39:39) | ===> btop++ v.1.4.0
2024/10/16 (16:39:39) | WARNING: NVML: Failed to get maximum GPU power draw, defaulting to 225W: Not Supported
2024/10/16 (16:39:39) | WARNING: Intel GPU: Failed to initialize PMU

2024/10/16 (16:39:42) | ===> btop++ v.1.4.0
2024/10/16 (16:39:42) | WARNING: NVML: Failed to get maximum GPU power draw, defaulting to 225W: Not Supported
2024/10/16 (16:39:42) | WARNING: Intel GPU: Failed to initialize PMU

2024/10/16 (16:42:02) | ===> btop++ v.1.4.0
2024/10/16 (16:42:02) | WARNING: NVML: Failed to get maximum GPU power draw, defaulting to 225W: Not Supported
2024/10/16 (16:42:02) | WARNING: Intel GPU: Failed to initialize PMU

2024/10/16 (16:43:35) | ===> btop++ v.1.4.0
2024/10/16 (16:43:35) | WARNING: NVML: Failed to get maximum GPU power draw, defaulting to 225W: Not Supported
2024/10/16 (16:43:35) | WARNING: Intel GPU: Failed to initialize PMU

2024/10/16 (17:09:43) | ===> btop++ v.1.4.0
2024/10/16 (17:09:43) | WARNING: NVML: Failed to get maximum GPU power draw, defaulting to 225W: Not Supported
2024/10/16 (17:09:43) | WARNING: Intel GPU: Failed to initialize PMU

2024/10/27 (13:44:39) | ===> btop++ v.1.4.0
2024/10/27 (13:44:39) | WARNING: NVML: Failed to get maximum GPU power draw, defaulting to 225W: Not Supported
2024/10/27 (13:44:39) | WARNING: Intel GPU: Failed to initialize PMU

2024/11/03 (12:33:01) | ===> btop++ v.1.4.0
2024/11/03 (12:33:01) | WARNING: NVML: Failed to get maximum GPU power draw, defaulting to 225W: Not Supported
2024/11/03 (12:33:01) | WARNING: Intel GPU: Failed to initialize PMU

2024/11/22 (13:27:10) | ===> btop++ v.1.4.0
2024/11/22 (13:27:10) | WARNING: NVML: Failed to get maximum GPU power draw, defaulting to 225W: Not Supported
2024/11/22 (13:27:10) | WARNING: Intel GPU: Failed to initialize PMU

2024/11/22 (14:03:48) | ===> btop++ v.1.4.0
2024/11/22 (14:03:48) | WARNING: NVML: Failed to get maximum GPU power draw, defaulting to 225W: Not Supported
2024/11/22 (14:03:48) | WARNING: Intel GPU: Failed to initialize PMU

2024/11/22 (15:27:23) | ===> btop++ v.1.4.0
2024/11/22 (15:27:23) | WARNING: NVML: Failed to get maximum GPU power draw, defaulting to 225W: Not Supported
2024/11/22 (15:27:23) | WARNING: Intel GPU: Failed to initialize PMU

2024/11/25 (11:03:35) | ===> btop++ v.1.4.0
2024/11/25 (11:03:35) | WARNING: NVML: Failed to get maximum GPU power draw, defaulting to 225W: Not Supported
2024/11/25 (11:03:35) | WARNING: Intel GPU: Failed to initialize PMU

2024/12/02 (00:02:22) | ===> btop++ v.1.4.0
2024/12/02 (00:02:22) | WARNING: NVML: Failed to get maximum GPU power draw, defaulting to 225W: Not Supported
2024/12/02 (00:02:22) | WARNING: Intel GPU: Failed to initialize PMU

2024/12/02 (10:07:44) | ===> btop++ v.1.4.0
2024/12/02 (10:07:44) | WARNING: NVML: Failed to get maximum GPU power draw, defaulting to 225W: Not Supported
2024/12/02 (10:07:44) | WARNING: Intel GPU: Failed to initialize PMU

2025/01/30 (17:39:05) | ===> btop++ v.1.4.0
2025/01/30 (17:39:05) | WARNING: NVML: Failed to get maximum GPU power draw, defaulting to 225W: Not Supported
2025/01/30 (17:39:05) | WARNING: Intel GPU: Failed to initialize PMU

2025/02/10 (13:32:31) | ===> btop++ v.1.4.0
2025/02/10 (13:32:31) | WARNING: NVML: Failed to get maximum GPU power draw, defaulting to 225W: Not Supported
2025/02/10 (13:32:31) | WARNING: Intel GPU: Failed to initialize PMU

2025/02/25 (18:43:42) | ===> btop++ v.1.4.0
2025/02/25 (18:43:42) | WARNING: NVML: Failed to get maximum GPU power draw, defaulting to 225W: Not Supported
2025/02/25 (18:43:42) | WARNING: Intel GPU: Failed to initialize PMU

2025/03/07 (17:10:26) | ===> btop++ v.1.4.0
2025/03/07 (17:10:26) | WARNING: NVML: Failed to get maximum GPU power draw, defaulting to 225W: Not Supported
2025/03/07 (17:10:26) | WARNING: Intel GPU: Failed to initialize PMU

2025/04/06 (19:48:46) | ===> btop++ v.1.4.0
2025/04/06 (19:48:46) | WARNING: NVML: Failed to get maximum GPU power draw, defaulting to 225W: Not Supported
2025/04/06 (19:48:46) | WARNING: Intel GPU: Failed to initialize PMU
